build/app/intermediates/manifest_merge_blame_file/debug/manifest-merger-blame-debug-report.txt
1<?xml version="1.0" encoding="utf-8"?>
2<manifest xmlns:android="http://schemas.android.com/apk/res/android"
3    package="com.example.fakecall"
4    android:versionCode="1"
5    android:versionName="1.0.0" >
6
7    <uses-sdk
8        android:minSdkVersion="21"
9        android:targetSdkVersion="34" />
10    <!--
11         The INTERNET permission is required for development. Specifically,
12         the Flutter tool needs it to communicate with the running application
13         to allow setting breakpoints, to provide hot reload, etc.
14    -->
15    <uses-permission android:name="android.permission.INTERNET" />
15-->src/main/AndroidManifest.xml:2:5-66
15-->src/main/AndroidManifest.xml:2:22-64
16    <uses-permission android:name="android.permission.ACCESS_NETWORK_STATE" />
16-->src/main/AndroidManifest.xml:3:5-78
16-->src/main/AndroidManifest.xml:3:22-76
17    <uses-permission android:name="android.permission.SYSTEM_ALERT_WINDOW" />
17-->src/main/AndroidManifest.xml:4:5-78
17-->src/main/AndroidManifest.xml:4:22-75
18    <uses-permission android:name="android.permission.FOREGROUND_SERVICE" /> <!-- foregroundServiceType: dataSync -->
18-->src/main/AndroidManifest.xml:5:5-77
18-->src/main/AndroidManifest.xml:5:22-74
19    <uses-permission android:name="android.permission.FOREGROUND_SERVICE_DATA_SYNC" /> <!-- foregroundServiceType: remoteMessaging -->
19-->src/main/AndroidManifest.xml:8:5-87
19-->src/main/AndroidManifest.xml:8:22-84
20    <uses-permission android:name="android.permission.FOREGROUND_SERVICE_REMOTE_MESSAGING" />
20-->src/main/AndroidManifest.xml:11:5-94
20-->src/main/AndroidManifest.xml:11:22-91
21
22    <queries>
22-->src/main/AndroidManifest.xml:73:5-78:15
23        <intent>
23-->src/main/AndroidManifest.xml:74:9-77:18
24            <action android:name="android.intent.action.PROCESS_TEXT" />
24-->src/main/AndroidManifest.xml:75:13-72
24-->src/main/AndroidManifest.xml:75:21-70
25
26            <data android:mimeType="text/plain" />
26-->src/main/AndroidManifest.xml:76:13-50
26-->src/main/AndroidManifest.xml:76:19-48
27        </intent>
28        <intent>
28-->[com.applovin:applovin-sdk:13.0.0] AndroidManifest.xml:8:9-10:18
29            <action android:name="com.applovin.am.intent.action.APPHUB_SERVICE" />
29-->[com.applovin:applovin-sdk:13.0.0] AndroidManifest.xml:9:13-83
29-->[com.applovin:applovin-sdk:13.0.0] AndroidManifest.xml:9:21-80
30        </intent>
31        <intent>
31-->[com.applovin:applovin-sdk:13.0.0] AndroidManifest.xml:11:9-13:18
32            <action android:name="android.support.customtabs.action.CustomTabsService" />
32-->[com.applovin:applovin-sdk:13.0.0] AndroidManifest.xml:12:13-90
32-->[com.applovin:applovin-sdk:13.0.0] AndroidManifest.xml:12:21-87
33        </intent>
34
35        <package android:name="com.facebook.katana" /> <!-- For browser content -->
35-->[com.facebook.android:audience-network-sdk:6.18.0] AndroidManifest.xml:12:9-55
35-->[com.facebook.android:audience-network-sdk:6.18.0] AndroidManifest.xml:12:18-52
36        <intent>
36-->[com.google.android.gms:play-services-ads-lite:21.3.0] AndroidManifest.xml:31:9-37:18
37            <action android:name="android.intent.action.VIEW" />
37-->[com.google.android.gms:play-services-ads-lite:21.3.0] AndroidManifest.xml:32:13-65
37-->[com.google.android.gms:play-services-ads-lite:21.3.0] AndroidManifest.xml:32:21-62
38
39            <category android:name="android.intent.category.BROWSABLE" />
39-->[com.google.android.gms:play-services-ads-lite:21.3.0] AndroidManifest.xml:34:13-74
39-->[com.google.android.gms:play-services-ads-lite:21.3.0] AndroidManifest.xml:34:23-71
40
41            <data android:scheme="https" />
41-->src/main/AndroidManifest.xml:76:13-50
42        </intent>
43    </queries>
44
45    <uses-permission android:name="android.permission.CAMERA" />
45-->[:camera_android] AndroidManifest.xml:9:5-65
45-->[:camera_android] AndroidManifest.xml:9:22-62
46    <uses-permission android:name="android.permission.RECORD_AUDIO" />
46-->[:camera_android] AndroidManifest.xml:10:5-71
46-->[:camera_android] AndroidManifest.xml:10:22-68
47    <uses-permission android:name="android.permission.WAKE_LOCK" />
47-->[:flutter_foreground_task] AndroidManifest.xml:10:5-68
47-->[:flutter_foreground_task] AndroidManifest.xml:10:22-65
48    <uses-permission android:name="android.permission.RECEIVE_BOOT_COMPLETED" />
48-->[:flutter_foreground_task] AndroidManifest.xml:11:5-81
48-->[:flutter_foreground_task] AndroidManifest.xml:11:22-78
49    <uses-permission android:name="android.permission.POST_NOTIFICATIONS" />
49-->[:flutter_foreground_task] AndroidManifest.xml:12:5-77
49-->[:flutter_foreground_task] AndroidManifest.xml:12:22-74
50    <uses-permission android:name="com.google.android.gms.permission.AD_ID" />
50-->[com.unity3d.ads:unity-ads:4.12.3] AndroidManifest.xml:10:5-79
50-->[com.unity3d.ads:unity-ads:4.12.3] AndroidManifest.xml:10:22-76
51    <uses-permission android:name="android.permission.ACCESS_ADSERVICES_TOPICS" />
51-->[com.unity3d.ads:unity-ads:4.12.3] AndroidManifest.xml:11:5-83
51-->[com.unity3d.ads:unity-ads:4.12.3] AndroidManifest.xml:11:22-80
52    <uses-permission android:name="android.permission.ACCESS_ADSERVICES_ATTRIBUTION" />
52-->[com.unity3d.ads:unity-ads:4.12.3] AndroidManifest.xml:12:5-88
52-->[com.unity3d.ads:unity-ads:4.12.3] AndroidManifest.xml:12:22-85
53    <uses-permission android:name="com.applovin.array.apphub.permission.BIND_APPHUB_SERVICE" /> <!-- Permissions required by Open Measurement SDK -->
53-->[com.applovin:applovin-sdk:13.0.0] AndroidManifest.xml:19:5-96
53-->[com.applovin:applovin-sdk:13.0.0] AndroidManifest.xml:19:22-93
54    <uses-permission android:name="android.permission.ACCESS_WIFI_STATE" />
54-->[com.applovin:applovin-sdk:13.0.0] AndroidManifest.xml:22:5-76
54-->[com.applovin:applovin-sdk:13.0.0] AndroidManifest.xml:22:22-73
55
56    <permission
56-->[androidx.core:core:1.13.1] AndroidManifest.xml:22:5-24:47
57        android:name="com.example.fakecall.DYNAMIC_RECEIVER_NOT_EXPORTED_PERMISSION"
57-->[androidx.core:core:1.13.1] AndroidManifest.xml:23:9-81
58        android:protectionLevel="signature" />
58-->[androidx.core:core:1.13.1] AndroidManifest.xml:24:9-44
59
60    <uses-permission android:name="com.example.fakecall.DYNAMIC_RECEIVER_NOT_EXPORTED_PERMISSION" /> <!-- Single application block for AdMob, Facebook Audience Network, and Unity Ads -->
60-->[androidx.core:core:1.13.1] AndroidManifest.xml:26:5-97
60-->[androidx.core:core:1.13.1] AndroidManifest.xml:26:22-94
61    <application
62        android:name="android.app.Application"
63        android:appComponentFactory="androidx.core.app.CoreComponentFactory"
63-->[androidx.core:core:1.13.1] AndroidManifest.xml:28:18-86
64        android:debuggable="true"
65        android:hardwareAccelerated="true"
65-->[:facebook_audience_network] AndroidManifest.xml:9:18-52
66        android:icon="@mipmap/ic_launcher"
67        android:label="fakecall"
68        android:networkSecurityConfig="@xml/network_security_config"
69        android:usesCleartextTraffic="true" >
70
71        <!-- AdMob App ID -->
72        <meta-data
73            android:name="com.google.android.gms.ads.APPLICATION_ID"
74            android:value="ca-app-pub-5080833301669041~7852017046" />
75
76        <!-- Facebook SDK Application ID -->
77        <meta-data
78            android:name="com.facebook.sdk.ApplicationId"
79            android:value="@string/facebook_app_id" />
80
81        <!-- Unity Ads Configuration -->
82        <meta-data
83            android:name="com.unity3d.ads.gameId"
84            android:value="5712423" />
85        <meta-data
86            android:name="unityads.sdk.debug_mode"
87            android:value="true" />
88        <meta-data
89            android:name="com.unity3d.ads.testMode"
90            android:value="false" /> <!-- Set to false in production -->
91
92        <activity
93            android:name="com.example.fakecall.MainActivity"
94            android:configChanges="orientation|keyboardHidden|keyboard|screenSize|smallestScreenSize|locale|layoutDirection|fontScale|screenLayout|density|uiMode"
95            android:exported="true"
96            android:hardwareAccelerated="true"
97            android:launchMode="singleTop"
98            android:taskAffinity=""
99            android:theme="@style/LaunchTheme"
100            android:windowSoftInputMode="adjustResize" >
101            <meta-data
102                android:name="io.flutter.embedding.android.NormalTheme"
103                android:resource="@style/NormalTheme" />
104
105            <intent-filter>
106                <action android:name="android.intent.action.MAIN" />
107
108                <category android:name="android.intent.category.LAUNCHER" />
109            </intent-filter>
110        </activity>
111
112        <meta-data
113            android:name="flutterEmbedding"
114            android:value="2" />
115
116        <!-- Foreground Service -->
117        <service
118            android:name="com.pravera.flutter_foreground_task.service.ForegroundService"
119            android:exported="false"
120            android:foregroundServiceType="dataSync|remoteMessaging" />
121
122        <receiver
122-->[:flutter_foreground_task] AndroidManifest.xml:15:9-23:20
123            android:name="com.pravera.flutter_foreground_task.service.RebootReceiver"
123-->[:flutter_foreground_task] AndroidManifest.xml:16:13-86
124            android:enabled="true"
124-->[:flutter_foreground_task] AndroidManifest.xml:17:13-35
125            android:exported="true" >
125-->[:flutter_foreground_task] AndroidManifest.xml:18:13-36
126            <intent-filter>
126-->[:flutter_foreground_task] AndroidManifest.xml:19:13-22:29
127                <action android:name="android.intent.action.BOOT_COMPLETED" />
127-->[:flutter_foreground_task] AndroidManifest.xml:20:17-79
127-->[:flutter_foreground_task] AndroidManifest.xml:20:25-76
128                <action android:name="android.intent.action.MY_PACKAGE_REPLACED" />
128-->[:flutter_foreground_task] AndroidManifest.xml:21:17-84
128-->[:flutter_foreground_task] AndroidManifest.xml:21:25-81
129            </intent-filter>
130        </receiver>
131        <receiver
131-->[:flutter_foreground_task] AndroidManifest.xml:24:9-27:40
132            android:name="com.pravera.flutter_foreground_task.service.RestartReceiver"
132-->[:flutter_foreground_task] AndroidManifest.xml:25:13-87
133            android:enabled="true"
133-->[:flutter_foreground_task] AndroidManifest.xml:26:13-35
134            android:exported="false" />
134-->[:flutter_foreground_task] AndroidManifest.xml:27:13-37
135
136        <meta-data
136-->[:google_mobile_ads] AndroidManifest.xml:12:9-14:36
137            android:name="io.flutter.embedded_views_preview"
137-->[:google_mobile_ads] AndroidManifest.xml:13:13-61
138            android:value="true" />
138-->[:google_mobile_ads] AndroidManifest.xml:14:13-33
139
140        <provider
140-->[:share_plus] AndroidManifest.xml:10:9-18:20
141            android:name="dev.fluttercommunity.plus.share.ShareFileProvider"
141-->[:share_plus] AndroidManifest.xml:11:13-77
142            android:authorities="com.example.fakecall.flutter.share_provider"
142-->[:share_plus] AndroidManifest.xml:12:13-74
143            android:exported="false"
143-->[:share_plus] AndroidManifest.xml:13:13-37
144            android:grantUriPermissions="true" >
144-->[:share_plus] AndroidManifest.xml:14:13-47
145            <meta-data
145-->[:share_plus] AndroidManifest.xml:15:13-17:68
146                android:name="android.support.FILE_PROVIDER_PATHS"
146-->[:share_plus] AndroidManifest.xml:16:17-67
147                android:resource="@xml/flutter_share_file_paths" />
147-->[:share_plus] AndroidManifest.xml:17:17-65
148        </provider>
149
150        <activity
150-->[:url_launcher_android] AndroidManifest.xml:10:9-13:74
151            android:name="io.flutter.plugins.urllauncher.WebViewActivity"
151-->[:url_launcher_android] AndroidManifest.xml:11:13-74
152            android:exported="false"
152-->[:url_launcher_android] AndroidManifest.xml:12:13-37
153            android:theme="@android:style/Theme.NoTitleBar.Fullscreen" />
153-->[:url_launcher_android] AndroidManifest.xml:13:13-71
154        <activity
154-->[com.unity3d.ads:unity-ads:4.12.3] AndroidManifest.xml:15:9-20:74
155            android:name="com.unity3d.services.ads.adunit.AdUnitActivity"
155-->[com.unity3d.ads:unity-ads:4.12.3] AndroidManifest.xml:16:13-74
156            android:configChanges="fontScale|keyboard|keyboardHidden|locale|mnc|mcc|navigation|orientation|screenLayout|screenSize|smallestScreenSize|uiMode|touchscreen"
156-->[com.unity3d.ads:unity-ads:4.12.3] AndroidManifest.xml:17:13-170
157            android:exported="false"
157-->[com.unity3d.ads:unity-ads:4.12.3] AndroidManifest.xml:18:13-37
158            android:hardwareAccelerated="true"
158-->[com.unity3d.ads:unity-ads:4.12.3] AndroidManifest.xml:19:13-47
159            android:theme="@android:style/Theme.NoTitleBar.Fullscreen" />
159-->[com.unity3d.ads:unity-ads:4.12.3] AndroidManifest.xml:20:13-71
160        <activity
160-->[com.unity3d.ads:unity-ads:4.12.3] AndroidManifest.xml:21:9-26:86
161            android:name="com.unity3d.services.ads.adunit.AdUnitTransparentActivity"
161-->[com.unity3d.ads:unity-ads:4.12.3] AndroidManifest.xml:22:13-85
162            android:configChanges="fontScale|keyboard|keyboardHidden|locale|mnc|mcc|navigation|orientation|screenLayout|screenSize|smallestScreenSize|uiMode|touchscreen"
162-->[com.unity3d.ads:unity-ads:4.12.3] AndroidManifest.xml:23:13-170
163            android:exported="false"
163-->[com.unity3d.ads:unity-ads:4.12.3] AndroidManifest.xml:24:13-37
164            android:hardwareAccelerated="true"
164-->[com.unity3d.ads:unity-ads:4.12.3] AndroidManifest.xml:25:13-47
165            android:theme="@android:style/Theme.Translucent.NoTitleBar.Fullscreen" />
165-->[com.unity3d.ads:unity-ads:4.12.3] AndroidManifest.xml:26:13-83
166        <activity
166-->[com.unity3d.ads:unity-ads:4.12.3] AndroidManifest.xml:27:9-32:86
167            android:name="com.unity3d.services.ads.adunit.AdUnitTransparentSoftwareActivity"
167-->[com.unity3d.ads:unity-ads:4.12.3] AndroidManifest.xml:28:13-93
168            android:configChanges="fontScale|keyboard|keyboardHidden|locale|mnc|mcc|navigation|orientation|screenLayout|screenSize|smallestScreenSize|uiMode|touchscreen"
168-->[com.unity3d.ads:unity-ads:4.12.3] AndroidManifest.xml:29:13-170
169            android:exported="false"
169-->[com.unity3d.ads:unity-ads:4.12.3] AndroidManifest.xml:30:13-37
170            android:hardwareAccelerated="false"
170-->[com.unity3d.ads:unity-ads:4.12.3] AndroidManifest.xml:31:13-48
171            android:theme="@android:style/Theme.Translucent.NoTitleBar.Fullscreen" />
171-->[com.unity3d.ads:unity-ads:4.12.3] AndroidManifest.xml:32:13-83
172        <activity
172-->[com.unity3d.ads:unity-ads:4.12.3] AndroidManifest.xml:33:9-38:74
173            android:name="com.unity3d.services.ads.adunit.AdUnitSoftwareActivity"
173-->[com.unity3d.ads:unity-ads:4.12.3] AndroidManifest.xml:34:13-82
174            android:configChanges="fontScale|keyboard|keyboardHidden|locale|mnc|mcc|navigation|orientation|screenLayout|screenSize|smallestScreenSize|uiMode|touchscreen"
174-->[com.unity3d.ads:unity-ads:4.12.3] AndroidManifest.xml:35:13-170
175            android:exported="false"
175-->[com.unity3d.ads:unity-ads:4.12.3] AndroidManifest.xml:36:13-37
176            android:hardwareAccelerated="false"
176-->[com.unity3d.ads:unity-ads:4.12.3] AndroidManifest.xml:37:13-48
177            android:theme="@android:style/Theme.NoTitleBar.Fullscreen" />
177-->[com.unity3d.ads:unity-ads:4.12.3] AndroidManifest.xml:38:13-71
178        <activity
178-->[com.unity3d.ads:unity-ads:4.12.3] AndroidManifest.xml:39:9-44:74
179            android:name="com.unity3d.ads.adplayer.FullScreenWebViewDisplay"
179-->[com.unity3d.ads:unity-ads:4.12.3] AndroidManifest.xml:40:13-77
180            android:configChanges="fontScale|keyboard|keyboardHidden|locale|mnc|mcc|navigation|orientation|screenLayout|screenSize|smallestScreenSize|uiMode|touchscreen"
180-->[com.unity3d.ads:unity-ads:4.12.3] AndroidManifest.xml:41:13-170
181            android:exported="false"
181-->[com.unity3d.ads:unity-ads:4.12.3] AndroidManifest.xml:42:13-37
182            android:hardwareAccelerated="true"
182-->[com.unity3d.ads:unity-ads:4.12.3] AndroidManifest.xml:43:13-47
183            android:theme="@android:style/Theme.NoTitleBar.Fullscreen" />
183-->[com.unity3d.ads:unity-ads:4.12.3] AndroidManifest.xml:44:13-71
184
185        <provider
185-->[com.unity3d.ads:unity-ads:4.12.3] AndroidManifest.xml:46:9-56:20
186            android:name="androidx.startup.InitializationProvider"
186-->[com.unity3d.ads:unity-ads:4.12.3] AndroidManifest.xml:47:13-67
187            android:authorities="com.example.fakecall.androidx-startup"
187-->[com.unity3d.ads:unity-ads:4.12.3] AndroidManifest.xml:48:13-68
188            android:exported="false" >
188-->[androidx.work:work-runtime:2.7.0] AndroidManifest.xml:34:13-37
189            <meta-data
189-->[com.unity3d.ads:unity-ads:4.12.3] AndroidManifest.xml:50:13-52:52
190                android:name="androidx.lifecycle.ProcessLifecycleInitializer"
190-->[com.unity3d.ads:unity-ads:4.12.3] AndroidManifest.xml:51:17-78
191                android:value="androidx.startup" />
191-->[com.unity3d.ads:unity-ads:4.12.3] AndroidManifest.xml:52:17-49
192            <meta-data
192-->[com.unity3d.ads:unity-ads:4.12.3] AndroidManifest.xml:53:13-55:52
193                android:name="com.unity3d.services.core.configuration.AdsSdkInitializer"
193-->[com.unity3d.ads:unity-ads:4.12.3] AndroidManifest.xml:54:17-89
194                android:value="androidx.startup" />
194-->[com.unity3d.ads:unity-ads:4.12.3] AndroidManifest.xml:55:17-49
195            <meta-data
195-->[androidx.work:work-runtime:2.7.0] AndroidManifest.xml:36:13-38:52
196                android:name="androidx.work.WorkManagerInitializer"
196-->[androidx.work:work-runtime:2.7.0] AndroidManifest.xml:37:17-68
197                android:value="androidx.startup" />
197-->[androidx.work:work-runtime:2.7.0] AndroidManifest.xml:38:17-49
198            <meta-data
198-->[androidx.profileinstaller:profileinstaller:1.3.1] AndroidManifest.xml:29:13-31:52
199                android:name="androidx.profileinstaller.ProfileInstallerInitializer"
199-->[androidx.profileinstaller:profileinstaller:1.3.1] AndroidManifest.xml:30:17-85
200                android:value="androidx.startup" />
200-->[androidx.profileinstaller:profileinstaller:1.3.1] AndroidManifest.xml:31:17-49
201        </provider>
202        <provider
202-->[com.applovin:applovin-sdk:13.0.0] AndroidManifest.xml:25:9-29:39
203            android:name="com.applovin.sdk.AppLovinInitProvider"
203-->[com.applovin:applovin-sdk:13.0.0] AndroidManifest.xml:26:13-65
204            android:authorities="com.example.fakecall.applovininitprovider"
204-->[com.applovin:applovin-sdk:13.0.0] AndroidManifest.xml:27:13-72
205            android:exported="false"
205-->[com.applovin:applovin-sdk:13.0.0] AndroidManifest.xml:28:13-37
206            android:initOrder="101" /> <!-- Init order is 101 so we're before Firebase/Google which uses 100 -->
206-->[com.applovin:applovin-sdk:13.0.0] AndroidManifest.xml:29:13-36
207        <activity
207-->[com.applovin:applovin-sdk:13.0.0] AndroidManifest.xml:31:9-38:74
208            android:name="com.applovin.adview.AppLovinFullscreenActivity"
208-->[com.applovin:applovin-sdk:13.0.0] AndroidManifest.xml:32:13-74
209            android:configChanges="fontScale|keyboard|keyboardHidden|locale|orientation|screenLayout|screenSize|smallestScreenSize|uiMode"
209-->[com.applovin:applovin-sdk:13.0.0] AndroidManifest.xml:33:13-139
210            android:exported="false"
210-->[com.applovin:applovin-sdk:13.0.0] AndroidManifest.xml:34:13-37
211            android:hardwareAccelerated="true"
211-->[com.applovin:applovin-sdk:13.0.0] AndroidManifest.xml:35:13-47
212            android:launchMode="singleTop"
212-->[com.applovin:applovin-sdk:13.0.0] AndroidManifest.xml:36:13-43
213            android:screenOrientation="behind"
213-->[com.applovin:applovin-sdk:13.0.0] AndroidManifest.xml:37:13-47
214            android:theme="@android:style/Theme.NoTitleBar.Fullscreen" />
214-->[com.applovin:applovin-sdk:13.0.0] AndroidManifest.xml:38:13-71
215        <activity
215-->[com.applovin:applovin-sdk:13.0.0] AndroidManifest.xml:39:9-41:142
216            android:name="com.applovin.sdk.AppLovinWebViewActivity"
216-->[com.applovin:applovin-sdk:13.0.0] AndroidManifest.xml:40:13-68
217            android:configChanges="fontScale|keyboard|keyboardHidden|locale|orientation|screenLayout|screenSize|smallestScreenSize|uiMode" /> <!-- Hybrid Ad Activities -->
217-->[com.applovin:applovin-sdk:13.0.0] AndroidManifest.xml:41:13-139
218        <activity
218-->[com.applovin:applovin-sdk:13.0.0] AndroidManifest.xml:44:9-47:74
219            android:name="com.applovin.mediation.hybridAds.MaxHybridMRecAdActivity"
219-->[com.applovin:applovin-sdk:13.0.0] AndroidManifest.xml:45:13-84
220            android:configChanges="fontScale|keyboard|keyboardHidden|locale|orientation|screenLayout|screenSize|smallestScreenSize|uiMode"
220-->[com.applovin:applovin-sdk:13.0.0] AndroidManifest.xml:46:13-139
221            android:theme="@android:style/Theme.NoTitleBar.Fullscreen" />
221-->[com.applovin:applovin-sdk:13.0.0] AndroidManifest.xml:47:13-71
222        <activity
222-->[com.applovin:applovin-sdk:13.0.0] AndroidManifest.xml:48:9-51:74
223            android:name="com.applovin.mediation.hybridAds.MaxHybridNativeAdActivity"
223-->[com.applovin:applovin-sdk:13.0.0] AndroidManifest.xml:49:13-86
224            android:configChanges="fontScale|keyboard|keyboardHidden|locale|orientation|screenLayout|screenSize|smallestScreenSize|uiMode"
224-->[com.applovin:applovin-sdk:13.0.0] AndroidManifest.xml:50:13-139
225            android:theme="@android:style/Theme.NoTitleBar.Fullscreen" /> <!-- Mediation Debugger Activities -->
225-->[com.applovin:applovin-sdk:13.0.0] AndroidManifest.xml:51:13-71
226        <activity
226-->[com.applovin:applovin-sdk:13.0.0] AndroidManifest.xml:54:9-57:87
227            android:name="com.applovin.mediation.MaxDebuggerActivity"
227-->[com.applovin:applovin-sdk:13.0.0] AndroidManifest.xml:55:13-70
228            android:configChanges="fontScale|keyboard|keyboardHidden|locale|orientation|screenLayout|screenSize|smallestScreenSize|uiMode"
228-->[com.applovin:applovin-sdk:13.0.0] AndroidManifest.xml:56:13-139
229            android:theme="@style/com.applovin.mediation.MaxDebuggerActivity.Theme" />
229-->[com.applovin:applovin-sdk:13.0.0] AndroidManifest.xml:57:13-84
230        <activity
230-->[com.applovin:applovin-sdk:13.0.0] AndroidManifest.xml:58:9-61:87
231            android:name="com.applovin.mediation.MaxDebuggerDetailActivity"
231-->[com.applovin:applovin-sdk:13.0.0] AndroidManifest.xml:59:13-76
232            android:configChanges="fontScale|keyboard|keyboardHidden|locale|orientation|screenLayout|screenSize|smallestScreenSize|uiMode"
232-->[com.applovin:applovin-sdk:13.0.0] AndroidManifest.xml:60:13-139
233            android:theme="@style/com.applovin.mediation.MaxDebuggerActivity.Theme" />
233-->[com.applovin:applovin-sdk:13.0.0] AndroidManifest.xml:61:13-84
234        <activity
234-->[com.applovin:applovin-sdk:13.0.0] AndroidManifest.xml:62:9-65:87
235            android:name="com.applovin.mediation.MaxDebuggerMultiAdActivity"
235-->[com.applovin:applovin-sdk:13.0.0] AndroidManifest.xml:63:13-77
236            android:configChanges="fontScale|keyboard|keyboardHidden|locale|orientation|screenLayout|screenSize|smallestScreenSize|uiMode"
236-->[com.applovin:applovin-sdk:13.0.0] AndroidManifest.xml:64:13-139
237            android:theme="@style/com.applovin.mediation.MaxDebuggerActivity.Theme" />
237-->[com.applovin:applovin-sdk:13.0.0] AndroidManifest.xml:65:13-84
238        <activity
238-->[com.applovin:applovin-sdk:13.0.0] AndroidManifest.xml:66:9-69:87
239            android:name="com.applovin.mediation.MaxDebuggerAdUnitsListActivity"
239-->[com.applovin:applovin-sdk:13.0.0] AndroidManifest.xml:67:13-81
240            android:configChanges="fontScale|keyboard|keyboardHidden|locale|orientation|screenLayout|screenSize|smallestScreenSize|uiMode"
240-->[com.applovin:applovin-sdk:13.0.0] AndroidManifest.xml:68:13-139
241            android:theme="@style/com.applovin.mediation.MaxDebuggerActivity.Theme" />
241-->[com.applovin:applovin-sdk:13.0.0] AndroidManifest.xml:69:13-84
242        <activity
242-->[com.applovin:applovin-sdk:13.0.0] AndroidManifest.xml:70:9-73:87
243            android:name="com.applovin.mediation.MaxDebuggerAdUnitWaterfallsListActivity"
243-->[com.applovin:applovin-sdk:13.0.0] AndroidManifest.xml:71:13-90
244            android:configChanges="fontScale|keyboard|keyboardHidden|locale|orientation|screenLayout|screenSize|smallestScreenSize|uiMode"
244-->[com.applovin:applovin-sdk:13.0.0] AndroidManifest.xml:72:13-139
245            android:theme="@style/com.applovin.mediation.MaxDebuggerActivity.Theme" />
245-->[com.applovin:applovin-sdk:13.0.0] AndroidManifest.xml:73:13-84
246        <activity
246-->[com.applovin:applovin-sdk:13.0.0] AndroidManifest.xml:74:9-77:87
247            android:name="com.applovin.mediation.MaxDebuggerAdUnitDetailActivity"
247-->[com.applovin:applovin-sdk:13.0.0] AndroidManifest.xml:75:13-82
248            android:configChanges="fontScale|keyboard|keyboardHidden|locale|orientation|screenLayout|screenSize|smallestScreenSize|uiMode"
248-->[com.applovin:applovin-sdk:13.0.0] AndroidManifest.xml:76:13-139
249            android:theme="@style/com.applovin.mediation.MaxDebuggerActivity.Theme" />
249-->[com.applovin:applovin-sdk:13.0.0] AndroidManifest.xml:77:13-84
250        <activity
250-->[com.applovin:applovin-sdk:13.0.0] AndroidManifest.xml:78:9-81:87
251            android:name="com.applovin.mediation.MaxDebuggerCmpNetworksListActivity"
251-->[com.applovin:applovin-sdk:13.0.0] AndroidManifest.xml:79:13-85
252            android:configChanges="fontScale|keyboard|keyboardHidden|locale|orientation|screenLayout|screenSize|smallestScreenSize|uiMode"
252-->[com.applovin:applovin-sdk:13.0.0] AndroidManifest.xml:80:13-139
253            android:theme="@style/com.applovin.mediation.MaxDebuggerActivity.Theme" />
253-->[com.applovin:applovin-sdk:13.0.0] AndroidManifest.xml:81:13-84
254        <activity
254-->[com.applovin:applovin-sdk:13.0.0] AndroidManifest.xml:82:9-85:87
255            android:name="com.applovin.mediation.MaxDebuggerTcfConsentStatusesListActivity"
255-->[com.applovin:applovin-sdk:13.0.0] AndroidManifest.xml:83:13-92
256            android:configChanges="fontScale|keyboard|keyboardHidden|locale|orientation|screenLayout|screenSize|smallestScreenSize|uiMode"
256-->[com.applovin:applovin-sdk:13.0.0] AndroidManifest.xml:84:13-139
257            android:theme="@style/com.applovin.mediation.MaxDebuggerActivity.Theme" />
257-->[com.applovin:applovin-sdk:13.0.0] AndroidManifest.xml:85:13-84
258        <activity
258-->[com.applovin:applovin-sdk:13.0.0] AndroidManifest.xml:86:9-89:87
259            android:name="com.applovin.mediation.MaxDebuggerTcfInfoListActivity"
259-->[com.applovin:applovin-sdk:13.0.0] AndroidManifest.xml:87:13-81
260            android:configChanges="fontScale|keyboard|keyboardHidden|locale|orientation|screenLayout|screenSize|smallestScreenSize|uiMode"
260-->[com.applovin:applovin-sdk:13.0.0] AndroidManifest.xml:88:13-139
261            android:theme="@style/com.applovin.mediation.MaxDebuggerActivity.Theme" />
261-->[com.applovin:applovin-sdk:13.0.0] AndroidManifest.xml:89:13-84
262        <activity
262-->[com.applovin:applovin-sdk:13.0.0] AndroidManifest.xml:90:9-93:87
263            android:name="com.applovin.mediation.MaxDebuggerTcfStringActivity"
263-->[com.applovin:applovin-sdk:13.0.0] AndroidManifest.xml:91:13-79
264            android:configChanges="fontScale|keyboard|keyboardHidden|locale|orientation|screenLayout|screenSize|smallestScreenSize|uiMode"
264-->[com.applovin:applovin-sdk:13.0.0] AndroidManifest.xml:92:13-139
265            android:theme="@style/com.applovin.mediation.MaxDebuggerActivity.Theme" />
265-->[com.applovin:applovin-sdk:13.0.0] AndroidManifest.xml:93:13-84
266        <activity
266-->[com.applovin:applovin-sdk:13.0.0] AndroidManifest.xml:94:9-97:87
267            android:name="com.applovin.mediation.MaxDebuggerTestLiveNetworkActivity"
267-->[com.applovin:applovin-sdk:13.0.0] AndroidManifest.xml:95:13-85
268            android:configChanges="fontScale|keyboard|keyboardHidden|locale|orientation|screenLayout|screenSize|smallestScreenSize|uiMode"
268-->[com.applovin:applovin-sdk:13.0.0] AndroidManifest.xml:96:13-139
269            android:theme="@style/com.applovin.mediation.MaxDebuggerActivity.Theme" />
269-->[com.applovin:applovin-sdk:13.0.0] AndroidManifest.xml:97:13-84
270        <activity
270-->[com.applovin:applovin-sdk:13.0.0] AndroidManifest.xml:98:9-101:87
271            android:name="com.applovin.mediation.MaxDebuggerTestModeNetworkActivity"
271-->[com.applovin:applovin-sdk:13.0.0] AndroidManifest.xml:99:13-85
272            android:configChanges="fontScale|keyboard|keyboardHidden|locale|orientation|screenLayout|screenSize|smallestScreenSize|uiMode"
272-->[com.applovin:applovin-sdk:13.0.0] AndroidManifest.xml:100:13-139
273            android:theme="@style/com.applovin.mediation.MaxDebuggerActivity.Theme" />
273-->[com.applovin:applovin-sdk:13.0.0] AndroidManifest.xml:101:13-84
274        <activity
274-->[com.applovin:applovin-sdk:13.0.0] AndroidManifest.xml:102:9-105:87
275            android:name="com.applovin.mediation.MaxDebuggerUnifiedFlowActivity"
275-->[com.applovin:applovin-sdk:13.0.0] AndroidManifest.xml:103:13-81